{"/home/jzimmerli/expess-web-api-skeleton/src/api/controllers/greetings.ts": {"path":"/home/jzimmerli/expess-web-api-skeleton/src/api/controllers/greetings.ts","statementMap":{"0":{"start":{"line":3,"column":14},"end":{"line":9,"column":1}},"1":{"start":{"line":4,"column":15},"end":{"line":4,"column":43}},"2":{"start":{"line":5,"column":18},"end":{"line":5,"column":35}},"3":{"start":{"line":6,"column":2},"end":{"line":8,"column":5}},"4":{"start":{"line":19,"column":18},"end":{"line":19,"column":23}},"5":{"start":{"line":11,"column":16},"end":{"line":17,"column":1}},"6":{"start":{"line":12,"column":15},"end":{"line":12,"column":43}},"7":{"start":{"line":13,"column":18},"end":{"line":13,"column":35}},"8":{"start":{"line":14,"column":2},"end":{"line":16,"column":5}},"9":{"start":{"line":19,"column":9},"end":{"line":19,"column":16}}},"fnMap":{"0":{"name":"(anonymous_0)","decl":{"start":{"line":3,"column":14},"end":{"line":3,"column":15}},"loc":{"start":{"line":3,"column":68},"end":{"line":9,"column":1}}},"1":{"name":"(anonymous_1)","decl":{"start":{"line":11,"column":16},"end":{"line":11,"column":17}},"loc":{"start":{"line":11,"column":70},"end":{"line":17,"column":1}}}},"branchMap":{"0":{"loc":{"start":{"line":4,"column":15},"end":{"line":4,"column":43}},"type":"binary-expr","locations":[{"start":{"line":4,"column":15},"end":{"line":4,"column":29}},{"start":{"line":4,"column":33},"end":{"line":4,"column":43}}]},"1":{"loc":{"start":{"line":12,"column":15},"end":{"line":12,"column":43}},"type":"binary-expr","locations":[{"start":{"line":12,"column":15},"end":{"line":12,"column":29}},{"start":{"line":12,"column":33},"end":{"line":12,"column":43}}]}},"s":{"0":2,"1":2,"2":2,"3":2,"4":2,"5":2,"6":0,"7":0,"8":0,"9":2},"f":{"0":2,"1":0},"b":{"0":[2,1],"1":[0,0]}}
,"/home/jzimmerli/expess-web-api-skeleton/src/api/controllers/house.ts": {"path":"/home/jzimmerli/expess-web-api-skeleton/src/api/controllers/house.ts","statementMap":{"0":{"start":{"line":2,"column":0},"end":{"line":2,"column":36}},"1":{"start":{"line":4,"column":0},"end":{"line":4,"column":60}},"2":{"start":{"line":5,"column":0},"end":{"line":5,"column":52}},"3":{"start":{"line":6,"column":0},"end":{"line":6,"column":40}},"4":{"start":{"line":8,"column":20},"end":{"line":25,"column":2}},"5":{"start":{"line":8,"column":74},"end":{"line":25,"column":2}},"6":{"start":{"line":9,"column":16},"end":{"line":9,"column":24}},"7":{"start":{"line":10,"column":18},"end":{"line":10,"column":26}},"8":{"start":{"line":11,"column":2},"end":{"line":11,"column":21}},"9":{"start":{"line":12,"column":2},"end":{"line":24,"column":7}},"10":{"start":{"line":15,"column":6},"end":{"line":15,"column":53}},"11":{"start":{"line":16,"column":6},"end":{"line":18,"column":9}},"12":{"start":{"line":21,"column":6},"end":{"line":23,"column":9}},"13":{"start":{"line":40,"column":9},"end":{"line":40,"column":20}},"14":{"start":{"line":27,"column":18},"end":{"line":38,"column":2}},"15":{"start":{"line":27,"column":72},"end":{"line":38,"column":2}},"16":{"start":{"line":28,"column":2},"end":{"line":37,"column":7}},"17":{"start":{"line":31,"column":6},"end":{"line":31,"column":42}},"18":{"start":{"line":34,"column":6},"end":{"line":36,"column":9}},"19":{"start":{"line":40,"column":22},"end":{"line":40,"column":31}}},"fnMap":{"0":{"name":"(anonymous_14)","decl":{"start":{"line":8,"column":20},"end":{"line":8,"column":27}},"loc":{"start":{"line":8,"column":74},"end":{"line":25,"column":2}}},"1":{"name":"(anonymous_15)","decl":{"start":{"line":8,"column":74},"end":{"line":8,"column":null}},"loc":{"start":{"line":8,"column":74},"end":{"line":25,"column":1}}},"2":{"name":"(anonymous_16)","decl":{"start":{"line":14,"column":10},"end":{"line":14,"column":11}},"loc":{"start":{"line":14,"column":17},"end":{"line":19,"column":5}}},"3":{"name":"(anonymous_17)","decl":{"start":{"line":20,"column":11},"end":{"line":20,"column":12}},"loc":{"start":{"line":20,"column":19},"end":{"line":24,"column":5}}},"4":{"name":"(anonymous_18)","decl":{"start":{"line":27,"column":18},"end":{"line":27,"column":25}},"loc":{"start":{"line":27,"column":72},"end":{"line":38,"column":2}}},"5":{"name":"(anonymous_19)","decl":{"start":{"line":27,"column":72},"end":{"line":27,"column":null}},"loc":{"start":{"line":27,"column":72},"end":{"line":38,"column":1}}},"6":{"name":"(anonymous_20)","decl":{"start":{"line":30,"column":10},"end":{"line":30,"column":11}},"loc":{"start":{"line":30,"column":21},"end":{"line":32,"column":5}}},"7":{"name":"(anonymous_21)","decl":{"start":{"line":33,"column":11},"end":{"line":33,"column":12}},"loc":{"start":{"line":33,"column":19},"end":{"line":37,"column":5}}}},"branchMap":{},"s":{"0":2,"1":2,"2":2,"3":2,"4":2,"5":2,"6":2,"7":2,"8":2,"9":2,"10":1,"11":1,"12":1,"13":2,"14":2,"15":2,"16":2,"17":1,"18":1,"19":2},"f":{"0":2,"1":2,"2":1,"3":1,"4":2,"5":2,"6":1,"7":1},"b":{}}
,"/home/jzimmerli/expess-web-api-skeleton/src/api/controllers/index.ts": {"path":"/home/jzimmerli/expess-web-api-skeleton/src/api/controllers/index.ts","statementMap":{"0":{"start":{"line":1,"column":0},"end":{"line":1,"column":28}},"1":{"start":{"line":2,"column":0},"end":{"line":2,"column":24}}},"fnMap":{},"branchMap":{},"s":{"0":2,"1":2},"f":{},"b":{}}
,"/home/jzimmerli/expess-web-api-skeleton/src/config/index.ts": {"path":"/home/jzimmerli/expess-web-api-skeleton/src/config/index.ts","statementMap":{"0":{"start":{"line":1,"column":0},"end":{"line":1,"column":45}},"1":{"start":{"line":2,"column":0},"end":{"line":2,"column":58}},"2":{"start":{"line":14,"column":12},"end":{"line":22,"column":2}},"3":{"start":{"line":24,"column":18},"end":{"line":24,"column":43}},"4":{"start":{"line":38,"column":23},"end":{"line":48,"column":2}},"5":{"start":{"line":50,"column":0},"end":{"line":50,"column":22}}},"fnMap":{},"branchMap":{},"s":{"0":3,"1":3,"2":3,"3":3,"4":3,"5":3},"f":{},"b":{}}
,"/home/jzimmerli/expess-web-api-skeleton/src/db/db.ts": {"path":"/home/jzimmerli/expess-web-api-skeleton/src/db/db.ts","statementMap":{"0":{"start":{"line":1,"column":0},"end":{"line":1,"column":26}},"1":{"start":{"line":2,"column":0},"end":{"line":2,"column":52}},"2":{"start":{"line":3,"column":0},"end":{"line":3,"column":31}},"3":{"start":{"line":5,"column":13},"end":{"line":11,"column":2}},"4":{"start":{"line":13,"column":11},"end":{"line":13,"column":24}},"5":{"start":{"line":15,"column":0},"end":{"line":15,"column":18}}},"fnMap":{},"branchMap":{},"s":{"0":2,"1":2,"2":2,"3":2,"4":2,"5":2},"f":{},"b":{}}
,"/home/jzimmerli/expess-web-api-skeleton/src/db/houseRepository.ts": {"path":"/home/jzimmerli/expess-web-api-skeleton/src/db/houseRepository.ts","statementMap":{"0":{"start":{"line":1,"column":0},"end":{"line":1,"column":33}},"1":{"start":{"line":3,"column":0},"end":{"line":3,"column":35}},"2":{"start":{"line":4,"column":0},"end":{"line":4,"column":22}},"3":{"start":{"line":5,"column":0},"end":{"line":5,"column":37}},"4":{"start":{"line":7,"column":20},"end":{"line":11,"column":2}},"5":{"start":{"line":7,"column":53},"end":{"line":11,"column":2}},"6":{"start":{"line":8,"column":2},"end":{"line":8,"column":61}},"7":{"start":{"line":9,"column":19},"end":{"line":9,"column":74}},"8":{"start":{"line":10,"column":2},"end":{"line":10,"column":24}},"9":{"start":{"line":23,"column":9},"end":{"line":23,"column":20}},"10":{"start":{"line":13,"column":18},"end":{"line":16,"column":2}},"11":{"start":{"line":13,"column":29},"end":{"line":16,"column":2}},"12":{"start":{"line":14,"column":33},"end":{"line":14,"column":69}},"13":{"start":{"line":15,"column":2},"end":{"line":15,"column":16}},"14":{"start":{"line":23,"column":22},"end":{"line":23,"column":31}},"15":{"start":{"line":18,"column":20},"end":{"line":21,"column":2}},"16":{"start":{"line":18,"column":41},"end":{"line":21,"column":2}},"17":{"start":{"line":19,"column":19},"end":{"line":19,"column":79}},"18":{"start":{"line":20,"column":2},"end":{"line":20,"column":18}},"19":{"start":{"line":23,"column":33},"end":{"line":23,"column":44}}},"fnMap":{"0":{"name":"(anonymous_14)","decl":{"start":{"line":7,"column":20},"end":{"line":7,"column":27}},"loc":{"start":{"line":7,"column":53},"end":{"line":11,"column":2}}},"1":{"name":"(anonymous_15)","decl":{"start":{"line":7,"column":53},"end":{"line":7,"column":null}},"loc":{"start":{"line":7,"column":53},"end":{"line":11,"column":1}}},"2":{"name":"(anonymous_16)","decl":{"start":{"line":13,"column":18},"end":{"line":13,"column":27}},"loc":{"start":{"line":13,"column":29},"end":{"line":16,"column":2}}},"3":{"name":"(anonymous_17)","decl":{"start":{"line":13,"column":29},"end":{"line":13,"column":null}},"loc":{"start":{"line":13,"column":29},"end":{"line":16,"column":1}}},"4":{"name":"(anonymous_18)","decl":{"start":{"line":18,"column":20},"end":{"line":18,"column":27}},"loc":{"start":{"line":18,"column":41},"end":{"line":21,"column":2}}},"5":{"name":"(anonymous_19)","decl":{"start":{"line":18,"column":41},"end":{"line":18,"column":null}},"loc":{"start":{"line":18,"column":41},"end":{"line":21,"column":1}}}},"branchMap":{},"s":{"0":2,"1":2,"2":2,"3":2,"4":2,"5":0,"6":0,"7":0,"8":0,"9":2,"10":2,"11":0,"12":0,"13":0,"14":2,"15":2,"16":0,"17":0,"18":0,"19":2},"f":{"0":0,"1":0,"2":0,"3":0,"4":0,"5":0},"b":{}}
,"/home/jzimmerli/expess-web-api-skeleton/src/db/schema.ts": {"path":"/home/jzimmerli/expess-web-api-skeleton/src/db/schema.ts","statementMap":{"0":{"start":{"line":2,"column":0},"end":{"line":2,"column":69}},"1":{"start":{"line":4,"column":20},"end":{"line":4,"column":68}},"2":{"start":{"line":15,"column":16},"end":{"line":15,"column":27}},"3":{"start":{"line":6,"column":14},"end":{"line":10,"column":2}},"4":{"start":{"line":15,"column":9},"end":{"line":15,"column":14}}},"fnMap":{},"branchMap":{},"s":{"0":2,"1":2,"2":2,"3":2,"4":2},"f":{},"b":{}}
,"/home/jzimmerli/expess-web-api-skeleton/src/utils/express.ts": {"path":"/home/jzimmerli/expess-web-api-skeleton/src/utils/express.ts","statementMap":{"0":{"start":{"line":12,"column":4},"end":{"line":12,"column":76}},"1":{"start":{"line":13,"column":2},"end":{"line":13,"column":74}},"2":{"start":{"line":14,"column":2},"end":{"line":14,"column":16}},"3":{"start":{"line":4,"column":0},"end":{"line":4,"column":24}}},"fnMap":{"0":{"name":"writeJsonResponse","decl":{"start":{"line":4,"column":24},"end":{"line":4,"column":41}},"loc":{"start":{"line":9,"column":43},"end":{"line":15,"column":1}}}},"branchMap":{"0":{"loc":{"start":{"line":12,"column":4},"end":{"line":12,"column":76}},"type":"cond-expr","locations":[{"start":{"line":12,"column":34},"end":{"line":12,"column":66}},{"start":{"line":12,"column":69},"end":{"line":12,"column":76}}]}},"s":{"0":1,"1":1,"2":1,"3":2},"f":{"0":1},"b":{"0":[1,0]}}
,"/home/jzimmerli/expess-web-api-skeleton/src/utils/server.ts": {"path":"/home/jzimmerli/expess-web-api-skeleton/src/utils/server.ts","statementMap":{"0":{"start":{"line":1,"column":0},"end":{"line":1,"column":30}},"1":{"start":{"line":2,"column":0},"end":{"line":2,"column":62}},"2":{"start":{"line":3,"column":0},"end":{"line":3,"column":43}},"3":{"start":{"line":4,"column":0},"end":{"line":4,"column":37}},"4":{"start":{"line":6,"column":0},"end":{"line":6,"column":62}},"5":{"start":{"line":7,"column":0},"end":{"line":7,"column":26}},"6":{"start":{"line":8,"column":0},"end":{"line":8,"column":37}},"7":{"start":{"line":9,"column":0},"end":{"line":9,"column":28}},"8":{"start":{"line":11,"column":0},"end":{"line":11,"column":42}},"9":{"start":{"line":12,"column":0},"end":{"line":12,"column":31}},"10":{"start":{"line":13,"column":0},"end":{"line":13,"column":30}},"11":{"start":{"line":16,"column":23},"end":{"line":16,"column":45}},"12":{"start":{"line":17,"column":24},"end":{"line":17,"column":47}},"13":{"start":{"line":18,"column":21},"end":{"line":18,"column":45}},"14":{"start":{"line":19,"column":2},"end":{"line":19,"column":26}},"15":{"start":{"line":21,"column":17},"end":{"line":21,"column":26}},"16":{"start":{"line":23,"column":2},"end":{"line":23,"column":42}},"17":{"start":{"line":24,"column":2},"end":{"line":24,"column":57}},"18":{"start":{"line":26,"column":2},"end":{"line":26,"column":67}},"19":{"start":{"line":27,"column":2},"end":{"line":27,"column":32}},"20":{"start":{"line":29,"column":2},"end":{"line":33,"column":null}},"21":{"start":{"line":30,"column":4},"end":{"line":32,"column":6}},"22":{"start":{"line":35,"column":2},"end":{"line":35,"column":21}},"23":{"start":{"line":37,"column":27},"end":{"line":41,"column":4}},"24":{"start":{"line":42,"column":2},"end":{"line":42,"column":60}},"25":{"start":{"line":44,"column":2},"end":{"line":61,"column":4}},"26":{"start":{"line":53,"column":6},"end":{"line":59,"column":9}},"27":{"start":{"line":63,"column":18},"end":{"line":71,"column":4}},"28":{"start":{"line":66,"column":6},"end":{"line":69,"column":8}},"29":{"start":{"line":73,"column":2},"end":{"line":73,"column":18}},"30":{"start":{"line":75,"column":2},"end":{"line":75,"column":16}},"31":{"start":{"line":15,"column":0},"end":{"line":15,"column":30}}},"fnMap":{"0":{"name":"createServer","decl":{"start":{"line":15,"column":30},"end":{"line":15,"column":42}},"loc":{"start":{"line":15,"column":42},"end":{"line":76,"column":null}}},"1":{"name":"(anonymous_16)","decl":{"start":{"line":45,"column":4},"end":{"line":45,"column":null}},"loc":{"start":{"line":52,"column":8},"end":{"line":60,"column":5}}},"2":{"name":"(anonymous_17)","decl":{"start":{"line":65,"column":19},"end":{"line":65,"column":20}},"loc":{"start":{"line":65,"column":57},"end":{"line":70,"column":5}}}},"branchMap":{"0":{"loc":{"start":{"line":29,"column":2},"end":{"line":33,"column":null}},"type":"if","locations":[{"start":{"line":29,"column":2},"end":{"line":33,"column":null}}]}},"s":{"0":2,"1":2,"2":2,"3":2,"4":2,"5":2,"6":2,"7":2,"8":2,"9":2,"10":2,"11":2,"12":2,"13":2,"14":2,"15":2,"16":2,"17":2,"18":2,"19":2,"20":2,"21":0,"22":2,"23":2,"24":2,"25":2,"26":3,"27":2,"28":10,"29":2,"30":2,"31":2},"f":{"0":2,"1":3,"2":10},"b":{"0":[0]}}
}
