{"/home/jzimmerli/expess-web-api-skeleton/src/api/controllers/greetings.ts": {"path":"/home/jzimmerli/expess-web-api-skeleton/src/api/controllers/greetings.ts","statementMap":{"0":{"start":{"line":3,"column":14},"end":{"line":9,"column":1}},"1":{"start":{"line":4,"column":15},"end":{"line":4,"column":43}},"2":{"start":{"line":5,"column":18},"end":{"line":5,"column":35}},"3":{"start":{"line":6,"column":2},"end":{"line":8,"column":5}},"4":{"start":{"line":19,"column":18},"end":{"line":19,"column":23}},"5":{"start":{"line":11,"column":16},"end":{"line":17,"column":1}},"6":{"start":{"line":12,"column":15},"end":{"line":12,"column":43}},"7":{"start":{"line":13,"column":18},"end":{"line":13,"column":35}},"8":{"start":{"line":14,"column":2},"end":{"line":16,"column":5}},"9":{"start":{"line":19,"column":9},"end":{"line":19,"column":16}}},"fnMap":{"0":{"name":"(anonymous_0)","decl":{"start":{"line":3,"column":14},"end":{"line":3,"column":15}},"loc":{"start":{"line":3,"column":68},"end":{"line":9,"column":1}}},"1":{"name":"(anonymous_1)","decl":{"start":{"line":11,"column":16},"end":{"line":11,"column":17}},"loc":{"start":{"line":11,"column":70},"end":{"line":17,"column":1}}}},"branchMap":{"0":{"loc":{"start":{"line":4,"column":15},"end":{"line":4,"column":43}},"type":"binary-expr","locations":[{"start":{"line":4,"column":15},"end":{"line":4,"column":29}},{"start":{"line":4,"column":33},"end":{"line":4,"column":43}}]},"1":{"loc":{"start":{"line":12,"column":15},"end":{"line":12,"column":43}},"type":"binary-expr","locations":[{"start":{"line":12,"column":15},"end":{"line":12,"column":29}},{"start":{"line":12,"column":33},"end":{"line":12,"column":43}}]}},"s":{"0":1,"1":2,"2":2,"3":2,"4":1,"5":1,"6":0,"7":0,"8":0,"9":1},"f":{"0":2,"1":0},"b":{"0":[2,1],"1":[0,0]}}
,"/home/jzimmerli/expess-web-api-skeleton/src/api/controllers/index.ts": {"path":"/home/jzimmerli/expess-web-api-skeleton/src/api/controllers/index.ts","statementMap":{"0":{"start":{"line":1,"column":0},"end":{"line":1,"column":28}}},"fnMap":{},"branchMap":{},"s":{"0":1},"f":{},"b":{}}
,"/home/jzimmerli/expess-web-api-skeleton/src/config/index.ts": {"path":"/home/jzimmerli/expess-web-api-skeleton/src/config/index.ts","statementMap":{"0":{"start":{"line":1,"column":0},"end":{"line":1,"column":45}},"1":{"start":{"line":2,"column":0},"end":{"line":2,"column":58}},"2":{"start":{"line":14,"column":12},"end":{"line":22,"column":2}},"3":{"start":{"line":24,"column":18},"end":{"line":24,"column":43}},"4":{"start":{"line":33,"column":23},"end":{"line":38,"column":2}},"5":{"start":{"line":40,"column":0},"end":{"line":40,"column":22}}},"fnMap":{},"branchMap":{},"s":{"0":1,"1":1,"2":1,"3":1,"4":1,"5":1},"f":{},"b":{}}
,"/home/jzimmerli/expess-web-api-skeleton/src/utils/server.ts": {"path":"/home/jzimmerli/expess-web-api-skeleton/src/utils/server.ts","statementMap":{"0":{"start":{"line":1,"column":0},"end":{"line":1,"column":30}},"1":{"start":{"line":2,"column":0},"end":{"line":2,"column":62}},"2":{"start":{"line":3,"column":0},"end":{"line":3,"column":37}},"3":{"start":{"line":5,"column":0},"end":{"line":5,"column":62}},"4":{"start":{"line":6,"column":0},"end":{"line":6,"column":26}},"5":{"start":{"line":7,"column":0},"end":{"line":7,"column":37}},"6":{"start":{"line":8,"column":0},"end":{"line":8,"column":28}},"7":{"start":{"line":10,"column":0},"end":{"line":10,"column":42}},"8":{"start":{"line":11,"column":0},"end":{"line":11,"column":31}},"9":{"start":{"line":12,"column":0},"end":{"line":12,"column":30}},"10":{"start":{"line":15,"column":23},"end":{"line":15,"column":45}},"11":{"start":{"line":16,"column":24},"end":{"line":16,"column":47}},"12":{"start":{"line":17,"column":21},"end":{"line":17,"column":45}},"13":{"start":{"line":18,"column":2},"end":{"line":18,"column":26}},"14":{"start":{"line":20,"column":17},"end":{"line":20,"column":26}},"15":{"start":{"line":22,"column":2},"end":{"line":22,"column":32}},"16":{"start":{"line":24,"column":2},"end":{"line":28,"column":null}},"17":{"start":{"line":25,"column":4},"end":{"line":27,"column":6}},"18":{"start":{"line":30,"column":2},"end":{"line":30,"column":21}},"19":{"start":{"line":32,"column":27},"end":{"line":36,"column":4}},"20":{"start":{"line":37,"column":2},"end":{"line":37,"column":60}},"21":{"start":{"line":39,"column":2},"end":{"line":56,"column":4}},"22":{"start":{"line":48,"column":6},"end":{"line":54,"column":9}},"23":{"start":{"line":58,"column":18},"end":{"line":66,"column":4}},"24":{"start":{"line":61,"column":6},"end":{"line":64,"column":8}},"25":{"start":{"line":68,"column":2},"end":{"line":68,"column":18}},"26":{"start":{"line":70,"column":2},"end":{"line":70,"column":16}},"27":{"start":{"line":14,"column":0},"end":{"line":14,"column":30}}},"fnMap":{"0":{"name":"createServer","decl":{"start":{"line":14,"column":30},"end":{"line":14,"column":42}},"loc":{"start":{"line":14,"column":42},"end":{"line":71,"column":null}}},"1":{"name":"(anonymous_16)","decl":{"start":{"line":40,"column":4},"end":{"line":40,"column":null}},"loc":{"start":{"line":47,"column":8},"end":{"line":55,"column":5}}},"2":{"name":"(anonymous_17)","decl":{"start":{"line":60,"column":19},"end":{"line":60,"column":20}},"loc":{"start":{"line":60,"column":57},"end":{"line":65,"column":5}}}},"branchMap":{"0":{"loc":{"start":{"line":24,"column":2},"end":{"line":28,"column":null}},"type":"if","locations":[{"start":{"line":24,"column":2},"end":{"line":28,"column":null}}]}},"s":{"0":1,"1":1,"2":1,"3":1,"4":1,"5":1,"6":1,"7":1,"8":1,"9":1,"10":1,"11":1,"12":1,"13":1,"14":1,"15":1,"16":1,"17":0,"18":1,"19":1,"20":1,"21":1,"22":1,"23":1,"24":1,"25":1,"26":1,"27":1},"f":{"0":1,"1":1,"2":1},"b":{"0":[0]}}
}
