TN:
SF:src/api/controllers/greetings.ts
FN:3,(anonymous_0)
FN:11,(anonymous_1)
FNF:2
FNH:1
FNDA:2,(anonymous_0)
FNDA:0,(anonymous_1)
DA:3,1
DA:4,2
DA:5,2
DA:6,2
DA:11,1
DA:12,0
DA:13,0
DA:14,0
DA:19,1
LF:9
LH:6
BRDA:4,0,0,2
BRDA:4,0,1,1
BRDA:12,1,0,0
BRDA:12,1,1,0
BRF:4
BRH:2
end_of_record
TN:
SF:src/api/controllers/index.ts
FNF:0
FNH:0
DA:1,1
LF:1
LH:1
BRF:0
BRH:0
end_of_record
TN:
SF:src/config/index.ts
FNF:0
FNH:0
DA:1,1
DA:2,1
DA:14,1
DA:24,1
DA:33,1
DA:40,1
LF:6
LH:6
BRF:0
BRH:0
end_of_record
TN:
SF:src/utils/server.ts
FN:14,createServer
FN:40,(anonymous_16)
FN:60,(anonymous_17)
FNF:3
FNH:3
FNDA:1,createServer
FNDA:1,(anonymous_16)
FNDA:1,(anonymous_17)
DA:1,1
DA:2,1
DA:3,1
DA:5,1
DA:6,1
DA:7,1
DA:8,1
DA:10,1
DA:11,1
DA:12,1
DA:14,1
DA:15,1
DA:16,1
DA:17,1
DA:18,1
DA:20,1
DA:22,1
DA:24,1
DA:25,0
DA:30,1
DA:32,1
DA:37,1
DA:39,1
DA:48,1
DA:58,1
DA:61,1
DA:68,1
DA:70,1
LF:28
LH:27
BRDA:24,0,0,0
BRF:1
BRH:0
end_of_record
