TN:
SF:src/api/controllers/greetings.ts
FN:3,(anonymous_0)
FN:11,(anonymous_1)
FNF:2
FNH:1
FNDA:2,(anonymous_0)
FNDA:0,(anonymous_1)
DA:3,2
DA:4,2
DA:5,2
DA:6,2
DA:11,2
DA:12,0
DA:13,0
DA:14,0
DA:19,2
LF:9
LH:6
BRDA:4,0,0,2
BRDA:4,0,1,1
BRDA:12,1,0,0
BRDA:12,1,1,0
BRF:4
BRH:2
end_of_record
TN:
SF:src/api/controllers/house.ts
FN:8,(anonymous_14)
FN:8,(anonymous_15)
FN:14,(anonymous_16)
FN:20,(anonymous_17)
FN:27,(anonymous_18)
FN:27,(anonymous_19)
FN:30,(anonymous_20)
FN:33,(anonymous_21)
FNF:8
FNH:8
FNDA:2,(anonymous_14)
FNDA:2,(anonymous_15)
FNDA:1,(anonymous_16)
FNDA:1,(anonymous_17)
FNDA:2,(anonymous_18)
FNDA:2,(anonymous_19)
FNDA:1,(anonymous_20)
FNDA:1,(anonymous_21)
DA:2,2
DA:4,2
DA:5,2
DA:6,2
DA:8,2
DA:9,2
DA:10,2
DA:11,2
DA:12,2
DA:15,1
DA:16,1
DA:21,1
DA:27,2
DA:28,2
DA:31,1
DA:34,1
DA:40,2
LF:17
LH:17
BRF:0
BRH:0
end_of_record
TN:
SF:src/api/controllers/index.ts
FNF:0
FNH:0
DA:1,2
DA:2,2
LF:2
LH:2
BRF:0
BRH:0
end_of_record
TN:
SF:src/config/index.ts
FNF:0
FNH:0
DA:1,3
DA:2,3
DA:14,3
DA:24,3
DA:38,3
DA:50,3
LF:6
LH:6
BRF:0
BRH:0
end_of_record
TN:
SF:src/db/db.ts
FNF:0
FNH:0
DA:1,2
DA:2,2
DA:3,2
DA:5,2
DA:13,2
DA:15,2
LF:6
LH:6
BRF:0
BRH:0
end_of_record
TN:
SF:src/db/houseRepository.ts
FN:7,(anonymous_14)
FN:7,(anonymous_15)
FN:13,(anonymous_16)
FN:13,(anonymous_17)
FN:18,(anonymous_18)
FN:18,(anonymous_19)
FNF:6
FNH:0
FNDA:0,(anonymous_14)
FNDA:0,(anonymous_15)
FNDA:0,(anonymous_16)
FNDA:0,(anonymous_17)
FNDA:0,(anonymous_18)
FNDA:0,(anonymous_19)
DA:1,2
DA:3,2
DA:4,2
DA:5,2
DA:7,2
DA:8,0
DA:9,0
DA:10,0
DA:13,2
DA:14,0
DA:15,0
DA:18,2
DA:19,0
DA:20,0
DA:23,2
LF:15
LH:8
BRF:0
BRH:0
end_of_record
TN:
SF:src/db/schema.ts
FNF:0
FNH:0
DA:2,2
DA:4,2
DA:6,2
DA:15,2
LF:4
LH:4
BRF:0
BRH:0
end_of_record
TN:
SF:src/utils/express.ts
FN:4,writeJsonResponse
FNF:1
FNH:1
FNDA:1,writeJsonResponse
DA:4,2
DA:12,1
DA:13,1
DA:14,1
LF:4
LH:4
BRDA:12,0,0,1
BRDA:12,0,1,0
BRF:2
BRH:1
end_of_record
TN:
SF:src/utils/server.ts
FN:15,createServer
FN:45,(anonymous_16)
FN:65,(anonymous_17)
FNF:3
FNH:3
FNDA:2,createServer
FNDA:3,(anonymous_16)
FNDA:10,(anonymous_17)
DA:1,2
DA:2,2
DA:3,2
DA:4,2
DA:6,2
DA:7,2
DA:8,2
DA:9,2
DA:11,2
DA:12,2
DA:13,2
DA:15,2
DA:16,2
DA:17,2
DA:18,2
DA:19,2
DA:21,2
DA:23,2
DA:24,2
DA:26,2
DA:27,2
DA:29,2
DA:30,0
DA:35,2
DA:37,2
DA:42,2
DA:44,2
DA:53,3
DA:63,2
DA:66,10
DA:73,2
DA:75,2
LF:32
LH:31
BRDA:29,0,0,0
BRF:1
BRH:0
end_of_record
